ď»ż
> sinanmc-malappuram@0.1.0 build
> next build

Î“Ă»â–“ Next.js 16.1.6 (Turbopack)
- Environments: .env.local
- Experiments (use with caution):
  â”¬â•– optimizePackageImports

  Creating an optimized production build ...
Î“ÂŁĂ´ Compiled successfully in 9.5s
  Running TypeScript ...
  Collecting page data using 7 workers ...
  Generating static pages using 7 workers (0/23) ...
  Generating static pages using 7 workers (5/23) 
  Generating static pages using 7 workers (11/23) 
  Generating static pages using 7 workers (17/23) 
Î“ÂŁĂ´ Generating static pages using 7 workers (23/23) in 1754.8ms
  Finalizing page optimization ...

Route (app)
Î“Ă¶Ă® Î“ĂąĂŻ /
Î“Ă¶ÂŁ Î“ĂąĂŻ /_not-found
Î“Ă¶ÂŁ Î“ĂąĂŻ /about
Î“Ă¶ÂŁ Î“ĂąĂŻ /admin
Î“Ă¶ÂŁ Î“ĂąĂŻ /admin/dashboard
Î“Ă¶ÂŁ Î“ĂąĂŻ /admin/login
Î“Ă¶ÂŁ â•žĂ† /api/chat
Î“Ă¶ÂŁ â•žĂ† /api/contact
Î“Ă¶ÂŁ Î“ĂąĂŻ /blog
Î“Ă¶ÂŁ Î“ĂąĂ… /blog/[slug]
Î“Ă¶Ă© Î“Ă¶ÂŁ /blog/choose-web-developer-malappuram
Î“Ă¶Ă© Î“Ă¶ÂŁ /blog/ai-in-seo
Î“Ă¶Ă© Î“Ă¶ÂŁ /blog/website-speed-seo
Î“Ă¶Ă© Î“Ă¶Ă¶ [+3 more paths]
Î“Ă¶ÂŁ Î“ĂąĂŻ /contact
Î“Ă¶ÂŁ Î“ĂąĂŻ /portfolio
Î“Ă¶ÂŁ â•žĂ† /portfolio/[slug]
Î“Ă¶ÂŁ Î“ĂąĂŻ /privacy-policy
Î“Ă¶ÂŁ Î“ĂąĂŻ /robots.txt
Î“Ă¶ÂŁ Î“ĂąĂŻ /sitemap.xml
Î“Ă¶Ă¶ Î“ĂąĂŻ /terms-conditions


Î“ĂąĂŻ  (Static)   prerendered as static content
Î“ĂąĂ…  (SSG)      prerendered as static HTML (uses generateStaticParams)
â•žĂ†  (Dynamic)  server-rendered on demand

